<?xml version="1.0" encoding="UTF-8"?>
<testsuite name="com.example.demo.web.WebTests" tests="3" skipped="0" failures="0" errors="0" timestamp="2025-05-06T13:42:32" hostname="MacBook-Pro-de-Benoit.local" time="0.142">
  <properties/>
  <testcase name="ajouterVoiture()" classname="com.example.demo.web.WebTests" time="0.092"/>
  <testcase name="testZeroVoiture()" classname="com.example.demo.web.WebTests" time="0.009"/>
  <testcase name="getStatistiques()" classname="com.example.demo.web.WebTests" time="0.039"/>
  <system-out><![CDATA[2025-05-06 15:42:32.187  INFO 5414 --- [    Test worker] .b.t.c.SpringBootTestContextBootstrapper : Neither @ContextConfiguration nor @ContextHierarchy found for test class [com.example.demo.web.WebTests], using SpringBootContextLoader
2025-05-06 15:42:32.188  INFO 5414 --- [    Test worker] o.s.t.c.support.AbstractContextLoader    : Could not detect default resource locations for test class [com.example.demo.web.WebTests]: no resource found for suffixes {-context.xml, Context.groovy}.
2025-05-06 15:42:32.188  INFO 5414 --- [    Test worker] t.c.s.AnnotationConfigContextLoaderUtils : Could not detect default configuration classes for test class [com.example.demo.web.WebTests]: WebTests does not declare any static, non-private, non-final, nested classes annotated with @Configuration.
2025-05-06 15:42:32.200  INFO 5414 --- [    Test worker] .b.t.c.SpringBootTestContextBootstrapper : Found @SpringBootConfiguration com.example.demo.DemoApplication for test class com.example.demo.web.WebTests
2025-05-06 15:42:32.201  INFO 5414 --- [    Test worker] .b.t.c.SpringBootTestContextBootstrapper : Loaded default TestExecutionListener class names from location [META-INF/spring.factories]: [org.springframework.boot.test.autoconfigure.restdocs.RestDocsTestExecutionListener, org.springframework.boot.test.autoconfigure.web.client.MockRestServiceServerResetTestExecutionListener, org.springframework.boot.test.autoconfigure.web.servlet.MockMvcPrintOnlyOnFailureTestExecutionListener, org.springframework.boot.test.autoconfigure.web.servlet.WebDriverTestExecutionListener, org.springframework.boot.test.autoconfigure.webservices.client.MockWebServiceServerTestExecutionListener, org.springframework.boot.test.mock.mockito.MockitoTestExecutionListener, org.springframework.boot.test.mock.mockito.ResetMocksTestExecutionListener, org.springframework.test.context.web.ServletTestExecutionListener, org.springframework.test.context.support.DirtiesContextBeforeModesTestExecutionListener, org.springframework.test.context.event.ApplicationEventsTestExecutionListener, org.springframework.test.context.support.DependencyInjectionTestExecutionListener, org.springframework.test.context.support.DirtiesContextTestExecutionListener, org.springframework.test.context.transaction.TransactionalTestExecutionListener, org.springframework.test.context.jdbc.SqlScriptsTestExecutionListener, org.springframework.test.context.event.EventPublishingTestExecutionListener]
2025-05-06 15:42:32.202  INFO 5414 --- [    Test worker] .b.t.c.SpringBootTestContextBootstrapper : Using TestExecutionListeners: [org.springframework.test.context.web.ServletTestExecutionListener@167a21b, org.springframework.test.context.support.DirtiesContextBeforeModesTestExecutionListener@7c0df4ab, org.springframework.test.context.event.ApplicationEventsTestExecutionListener@2e362407, org.springframework.boot.test.mock.mockito.MockitoTestExecutionListener@388be5fd, org.springframework.boot.test.autoconfigure.SpringBootDependencyInjectionTestExecutionListener@440ef8d, org.springframework.test.context.support.DirtiesContextTestExecutionListener@17fbfb02, org.springframework.test.context.event.EventPublishingTestExecutionListener@8f2e3e6, org.springframework.boot.test.autoconfigure.restdocs.RestDocsTestExecutionListener@6f315b08, org.springframework.boot.test.autoconfigure.web.client.MockRestServiceServerResetTestExecutionListener@6c8efde4, org.springframework.boot.test.autoconfigure.web.servlet.MockMvcPrintOnlyOnFailureTestExecutionListener@24e5389c, org.springframework.boot.test.autoconfigure.web.servlet.WebDriverTestExecutionListener@3b170235, org.springframework.boot.test.autoconfigure.webservices.client.MockWebServiceServerTestExecutionListener@5e9bf744, org.springframework.boot.test.mock.mockito.ResetMocksTestExecutionListener@45e140ae]

  .   ____          _            __ _ _
 /\\ / ___'_ __ _ _(_)_ __  __ _ \ \ \ \
( ( )\___ | '_ | '_| | '_ \/ _` | \ \ \ \
 \\/  ___)| |_)| | | | | || (_| |  ) ) ) )
  '  |____| .__|_| |_|_| |_\__, | / / / /
 =========|_|==============|___/=/_/_/_/
 :: Spring Boot ::                (v2.7.5)

2025-05-06 15:42:32.220  INFO 5414 --- [    Test worker] com.example.demo.web.WebTests            : Starting WebTests using Java 17.0.5 on MacBook-Pro-de-Benoit.local with PID 5414 (started by benoitcharroux in /Users/benoitcharroux/Desktop/ess1/essai1)
2025-05-06 15:42:32.221  INFO 5414 --- [    Test worker] com.example.demo.web.WebTests            : No active profile set, falling back to 1 default profile: "default"
2025-05-06 15:42:32.580  INFO 5414 --- [    Test worker] o.s.b.t.m.w.SpringBootMockServletContext : Initializing Spring TestDispatcherServlet ''
2025-05-06 15:42:32.581  INFO 5414 --- [    Test worker] o.s.t.web.servlet.TestDispatcherServlet  : Initializing Servlet ''
2025-05-06 15:42:32.581  INFO 5414 --- [    Test worker] o.s.t.web.servlet.TestDispatcherServlet  : Completed initialization in 0 ms
2025-05-06 15:42:32.588  INFO 5414 --- [    Test worker] com.example.demo.web.WebTests            : Started WebTests in 0.385 seconds (JVM running for 7.738)

MockHttpServletRequest:
      HTTP Method = GET
      Request URI = /statistique
       Parameters = {}
          Headers = []
             Body = null
    Session Attrs = {}

Handler:
             Type = com.example.demo.web.StatistiqueController
           Method = com.example.demo.web.StatistiqueController#getStatistiques()

Async:
    Async started = false
     Async result = null

Resolved Exception:
             Type = null

ModelAndView:
        View name = null
             View = null
            Model = null

FlashMap:
       Attributes = null

MockHttpServletResponse:
           Status = 200
    Error message = null
          Headers = [Content-Type:"application/json"]
     Content type = application/json
             Body = {"nombreDeVoitures":1,"prixMoyen":5000}
    Forwarded URL = null
   Redirected URL = null
          Cookies = []
]]></system-out>
  <system-err><![CDATA[]]></system-err>
</testsuite>
