<?xml version="1.0" encoding="UTF-8"?>
<testsuite name="com.example.demo.data.VoitureTest" tests="1" skipped="0" failures="0" errors="0" timestamp="2025-05-06T13:42:32" hostname="MacBook-Pro-de-Benoit.local" time="0.003">
  <properties/>
  <testcase name="creerVoiture()" classname="com.example.demo.data.VoitureTest" time="0.003"/>
  <system-out><![CDATA[2025-05-06 15:42:32.170  INFO 5414 --- [    Test worker] .b.t.c.SpringBootTestContextBootstrapper : Neither @ContextConfiguration nor @ContextHierarchy found for test class [com.example.demo.data.VoitureTest], using SpringBootContextLoader
2025-05-06 15:42:32.171  INFO 5414 --- [    Test worker] o.s.t.c.support.AbstractContextLoader    : Could not detect default resource locations for test class [com.example.demo.data.VoitureTest]: no resource found for suffixes {-context.xml, Context.groovy}.
2025-05-06 15:42:32.171  INFO 5414 --- [    Test worker] t.c.s.AnnotationConfigContextLoaderUtils : Could not detect default configuration classes for test class [com.example.demo.data.VoitureTest]: VoitureTest does not declare any static, non-private, non-final, nested classes annotated with @Configuration.
2025-05-06 15:42:32.176  INFO 5414 --- [    Test worker] .b.t.c.SpringBootTestContextBootstrapper : Found @SpringBootConfiguration com.example.demo.DemoApplication for test class com.example.demo.data.VoitureTest
2025-05-06 15:42:32.178  INFO 5414 --- [    Test worker] .b.t.c.SpringBootTestContextBootstrapper : Loaded default TestExecutionListener class names from location [META-INF/spring.factories]: [org.springframework.boot.test.autoconfigure.restdocs.RestDocsTestExecutionListener, org.springframework.boot.test.autoconfigure.web.client.MockRestServiceServerResetTestExecutionListener, org.springframework.boot.test.autoconfigure.web.servlet.MockMvcPrintOnlyOnFailureTestExecutionListener, org.springframework.boot.test.autoconfigure.web.servlet.WebDriverTestExecutionListener, org.springframework.boot.test.autoconfigure.webservices.client.MockWebServiceServerTestExecutionListener, org.springframework.boot.test.mock.mockito.MockitoTestExecutionListener, org.springframework.boot.test.mock.mockito.ResetMocksTestExecutionListener, org.springframework.test.context.web.ServletTestExecutionListener, org.springframework.test.context.support.DirtiesContextBeforeModesTestExecutionListener, org.springframework.test.context.event.ApplicationEventsTestExecutionListener, org.springframework.test.context.support.DependencyInjectionTestExecutionListener, org.springframework.test.context.support.DirtiesContextTestExecutionListener, org.springframework.test.context.transaction.TransactionalTestExecutionListener, org.springframework.test.context.jdbc.SqlScriptsTestExecutionListener, org.springframework.test.context.event.EventPublishingTestExecutionListener]
2025-05-06 15:42:32.178  INFO 5414 --- [    Test worker] .b.t.c.SpringBootTestContextBootstrapper : Using TestExecutionListeners: [org.springframework.test.context.web.ServletTestExecutionListener@134a8ead, org.springframework.test.context.support.DirtiesContextBeforeModesTestExecutionListener@427308f8, org.springframework.test.context.event.ApplicationEventsTestExecutionListener@54247647, org.springframework.boot.test.mock.mockito.MockitoTestExecutionListener@4975dda1, org.springframework.boot.test.autoconfigure.SpringBootDependencyInjectionTestExecutionListener@e0d1dc4, org.springframework.test.context.support.DirtiesContextTestExecutionListener@5463f035, org.springframework.test.context.event.EventPublishingTestExecutionListener@230232b0, org.springframework.boot.test.autoconfigure.restdocs.RestDocsTestExecutionListener@44fd7ba4, org.springframework.boot.test.autoconfigure.web.client.MockRestServiceServerResetTestExecutionListener@22f8adc2, org.springframework.boot.test.autoconfigure.web.servlet.MockMvcPrintOnlyOnFailureTestExecutionListener@69d103f0, org.springframework.boot.test.autoconfigure.web.servlet.WebDriverTestExecutionListener@5b742bc8, org.springframework.boot.test.autoconfigure.webservices.client.MockWebServiceServerTestExecutionListener@74fb5b59, org.springframework.boot.test.mock.mockito.ResetMocksTestExecutionListener@130a6eb9]
]]></system-out>
  <system-err><![CDATA[]]></system-err>
</testsuite>
