<?xml version="1.0" encoding="UTF-8"?>
<testsuite name="com.example.demo.data.BaseDeDonneesTests" tests="3" skipped="0" failures="0" errors="0" timestamp="2025-04-11T13:11:19" hostname="MacBook-Pro-de-Benoit.local" time="0.021">
  <properties/>
  <testcase name="uneVoiture()" classname="com.example.demo.data.BaseDeDonneesTests" time="0.01"/>
  <testcase name="uneSeuleVoiture()" classname="com.example.demo.data.BaseDeDonneesTests" time="0.003"/>
  <testcase name="supprimerVoiture()" classname="com.example.demo.data.BaseDeDonneesTests" time="0.006"/>
  <system-out><![CDATA[2025-04-11 15:11:18.844  INFO 4703 --- [    Test worker] .b.t.c.SpringBootTestContextBootstrapper : Neither @ContextConfiguration nor @ContextHierarchy found for test class [com.example.demo.data.BaseDeDonneesTests], using SpringBootContextLoader
2025-04-11 15:11:18.845  INFO 4703 --- [    Test worker] o.s.t.c.support.AbstractContextLoader    : Could not detect default resource locations for test class [com.example.demo.data.BaseDeDonneesTests]: no resource found for suffixes {-context.xml, Context.groovy}.
2025-04-11 15:11:18.845  INFO 4703 --- [    Test worker] t.c.s.AnnotationConfigContextLoaderUtils : Could not detect default configuration classes for test class [com.example.demo.data.BaseDeDonneesTests]: BaseDeDonneesTests does not declare any static, non-private, non-final, nested classes annotated with @Configuration.
2025-04-11 15:11:18.847  INFO 4703 --- [    Test worker] .b.t.c.SpringBootTestContextBootstrapper : Found @SpringBootConfiguration com.example.demo.DemoApplication for test class com.example.demo.data.BaseDeDonneesTests
2025-04-11 15:11:18.849  INFO 4703 --- [    Test worker] .b.t.c.SpringBootTestContextBootstrapper : Loaded default TestExecutionListener class names from location [META-INF/spring.factories]: [org.springframework.boot.test.autoconfigure.restdocs.RestDocsTestExecutionListener, org.springframework.boot.test.autoconfigure.web.client.MockRestServiceServerResetTestExecutionListener, org.springframework.boot.test.autoconfigure.web.servlet.MockMvcPrintOnlyOnFailureTestExecutionListener, org.springframework.boot.test.autoconfigure.web.servlet.WebDriverTestExecutionListener, org.springframework.boot.test.autoconfigure.webservices.client.MockWebServiceServerTestExecutionListener, org.springframework.boot.test.mock.mockito.MockitoTestExecutionListener, org.springframework.boot.test.mock.mockito.ResetMocksTestExecutionListener, org.springframework.test.context.web.ServletTestExecutionListener, org.springframework.test.context.support.DirtiesContextBeforeModesTestExecutionListener, org.springframework.test.context.event.ApplicationEventsTestExecutionListener, org.springframework.test.context.support.DependencyInjectionTestExecutionListener, org.springframework.test.context.support.DirtiesContextTestExecutionListener, org.springframework.test.context.transaction.TransactionalTestExecutionListener, org.springframework.test.context.jdbc.SqlScriptsTestExecutionListener, org.springframework.test.context.event.EventPublishingTestExecutionListener]
2025-04-11 15:11:18.849  INFO 4703 --- [    Test worker] .b.t.c.SpringBootTestContextBootstrapper : Using TestExecutionListeners: [org.springframework.test.context.web.ServletTestExecutionListener@6b338591, org.springframework.test.context.support.DirtiesContextBeforeModesTestExecutionListener@277474fc, org.springframework.test.context.event.ApplicationEventsTestExecutionListener@5ab3f611, org.springframework.boot.test.mock.mockito.MockitoTestExecutionListener@33425171, org.springframework.boot.test.autoconfigure.SpringBootDependencyInjectionTestExecutionListener@44aa5585, org.springframework.test.context.support.DirtiesContextTestExecutionListener@40fd1a78, org.springframework.test.context.transaction.TransactionalTestExecutionListener@53b7f08, org.springframework.test.context.jdbc.SqlScriptsTestExecutionListener@24536f07, org.springframework.test.context.event.EventPublishingTestExecutionListener@32430075, org.springframework.boot.test.autoconfigure.restdocs.RestDocsTestExecutionListener@1a45e29f, org.springframework.boot.test.autoconfigure.web.client.MockRestServiceServerResetTestExecutionListener@44580de0, org.springframework.boot.test.autoconfigure.web.servlet.MockMvcPrintOnlyOnFailureTestExecutionListener@7b4c793b, org.springframework.boot.test.autoconfigure.web.servlet.WebDriverTestExecutionListener@51a69e8f, org.springframework.boot.test.autoconfigure.webservices.client.MockWebServiceServerTestExecutionListener@6442cf3e, org.springframework.boot.test.mock.mockito.ResetMocksTestExecutionListener@60f1f95b]

  .   ____          _            __ _ _
 /\\ / ___'_ __ _ _(_)_ __  __ _ \ \ \ \
( ( )\___ | '_ | '_| | '_ \/ _` | \ \ \ \
 \\/  ___)| |_)| | | | | || (_| |  ) ) ) )
  '  |____| .__|_| |_|_| |_\__, | / / / /
 =========|_|==============|___/=/_/_/_/
 :: Spring Boot ::                (v2.7.5)

2025-04-11 15:11:18.862  INFO 4703 --- [    Test worker] c.example.demo.data.BaseDeDonneesTests   : Starting BaseDeDonneesTests using Java 17.0.5 on MacBook-Pro-de-Benoit.local with PID 4703 (started by benoitcharroux in /Users/benoitcharroux/Desktop/testL/essai1)
2025-04-11 15:11:18.863  INFO 4703 --- [    Test worker] c.example.demo.data.BaseDeDonneesTests   : No active profile set, falling back to 1 default profile: "default"
2025-04-11 15:11:18.962  INFO 4703 --- [    Test worker] .s.d.r.c.RepositoryConfigurationDelegate : Bootstrapping Spring Data JPA repositories in DEFAULT mode.
2025-04-11 15:11:18.969  INFO 4703 --- [    Test worker] .s.d.r.c.RepositoryConfigurationDelegate : Finished Spring Data repository scanning in 7 ms. Found 1 JPA repository interfaces.
2025-04-11 15:11:19.082  INFO 4703 --- [    Test worker] com.zaxxer.hikari.HikariDataSource       : HikariPool-2 - Starting...
2025-04-11 15:11:19.083  INFO 4703 --- [    Test worker] com.zaxxer.hikari.HikariDataSource       : HikariPool-2 - Start completed.
2025-04-11 15:11:19.090  INFO 4703 --- [    Test worker] o.hibernate.jpa.internal.util.LogHelper  : HHH000204: Processing PersistenceUnitInfo [name: default]
2025-04-11 15:11:19.093  INFO 4703 --- [    Test worker] org.hibernate.dialect.Dialect            : HHH000400: Using dialect: org.hibernate.dialect.H2Dialect
2025-04-11 15:11:19.108  INFO 4703 --- [    Test worker] o.h.e.t.j.p.i.JtaPlatformInitiator       : HHH000490: Using JtaPlatform implementation: [org.hibernate.engine.transaction.jta.platform.internal.NoJtaPlatform]
2025-04-11 15:11:19.108  INFO 4703 --- [    Test worker] j.LocalContainerEntityManagerFactoryBean : Initialized JPA EntityManagerFactory for persistence unit 'default'
2025-04-11 15:11:19.172  WARN 4703 --- [    Test worker] JpaBaseConfiguration$JpaWebConfiguration : spring.jpa.open-in-view is enabled by default. Therefore, database queries may be performed during view rendering. Explicitly configure spring.jpa.open-in-view to disable this warning
2025-04-11 15:11:19.345  INFO 4703 --- [    Test worker] c.example.demo.data.BaseDeDonneesTests   : Started BaseDeDonneesTests in 0.494 seconds (JVM running for 8.735)
]]></system-out>
  <system-err><![CDATA[]]></system-err>
</testsuite>
